Arguments: 
  C:\Program Files\nodejs\node.exe C:\Users\ISHAN\AppData\Roaming\npm\node_modules\yarn\bin\yarn.js install

PATH: 
  C:\Users\ISHAN\bin;C:\Program Files\Git\mingw64\bin;C:\Program Files\Git\usr\local\bin;C:\Program Files\Git\usr\bin;C:\Program Files\Git\usr\bin;C:\Program Files\Git\mingw64\bin;C:\Program Files\Git\usr\bin;C:\Users\ISHAN\bin;C:\Windows\system32;C:\Windows;C:\Windows\System32\Wbem;C:\Windows\System32\WindowsPowerShell\v1.0;C:\Windows\System32\OpenSSH;C:\Program Files (x86)\NVIDIA Corporation\PhysX\Common;C:\Program Files\NVIDIA Corporation\NVIDIA NvDLISR;C:\Program Files\nodejs;C:\Program Files\MongoDB\Server\4.4\bin;C:\Program Files\Git\cmd;C:\WINDOWS\system32;C:\WINDOWS;C:\WINDOWS\System32\Wbem;C:\WINDOWS\System32\WindowsPowerShell\v1.0;C:\WINDOWS\System32\OpenSSH;%USERPROFILE%\AppData\Local\Microsoft\WindowsApps;C:\Users\ISHAN\AppData\Local\Programs\Microsoft VS Code\bin;C:\Users\ISHAN\AppData\Roaming\npm;C:\Program Files\heroku\bin;C:\Users\ISHAN\AppData\Local\hyper\app-3.0.2\resources\bin;C:\Program Files\Git\usr\bin\vendor_perl;C:\Program Files\Git\usr\bin\core_perl

Yarn version: 
  1.22.10

Node version: 
  12.18.3

Platform: 
  win32 x64

Trace: 
  SyntaxError: D:\Career\WebdeveloperBootcamp\RN\Projects\Meals2Go\package.json: Unexpected token } in JSON at position 652
      at JSON.parse (<anonymous>)
      at C:\Users\ISHAN\AppData\Roaming\npm\node_modules\yarn\lib\cli.js:1625:59
      at Generator.next (<anonymous>)
      at step (C:\Users\ISHAN\AppData\Roaming\npm\node_modules\yarn\lib\cli.js:310:30)
      at C:\Users\ISHAN\AppData\Roaming\npm\node_modules\yarn\lib\cli.js:321:13

npm manifest: 
  {
    "main": "node_modules/expo/AppEntry.js",
    "scripts": {
      "start": "expo start",
      "android": "expo start --android",
      "ios": "expo start --ios",
      "web": "expo start --web",
      "eject": "expo eject"
    },
    "dependencies": {
      "@expo-google-fonts/lato": "^0.1.0",
      "@expo-google-fonts/oswald": "^0.1.0",
      "expo": "~40.0.0",
      "expo-font": "~8.4.0",
      "expo-status-bar": "~1.0.3",
      "react": "16.13.1",
      "react-dom": "16.13.1",
      "react-native": "https://github.com/expo/react-native/archive/sdk-40.0.1.tar.gz",
      "react-native-paper": "^4.7.2",
      "react-native-web": "^0.15.0",
      "styled-components": "^5.2.1",
    },
    "devDependencies": {
      "@babel/core": "~7.9.0",
      "@react-native-community/eslint-config": "^2.0.0",
      "eslint": "^7.21.0",
      "prettier": "^2.2.1"
    },
    "private": true
  }

yarn manifest: 
  No manifest

Lockfile: 
  No lockfile
